#
# There is insufficient memory for the Java Runtime Environment to continue.
# Native memory allocation (malloc) failed to allocate 638368 bytes for Chunk::new
# Possible reasons:
#   The system is out of physical RAM or swap space
#   The process is running with CompressedOops enabled, and the Java Heap may be blocking the growth of the native heap
# Possible solutions:
#   Reduce memory load on the system
#   Increase physical memory or swap space
#   Check if swap backing store is full
#   Decrease Java heap size (-Xmx/-Xms)
#   Decrease number of Java threads
#   Decrease Java thread stack sizes (-Xss)
#   Set larger code cache with -XX:ReservedCodeCacheSize=
#   JVM is running with Unscaled Compressed Oops mode in which the Java heap is
#     placed in the first 4GB address space. The Java Heap base address is the
#     maximum limit for the native heap growth. Please use -XX:HeapBaseMinAddress
#     to set the Java Heap base and to place the Java Heap above 4GB virtual address.
# This output file may be truncated or incomplete.
#
#  Out of Memory Error (arena.cpp:189), pid=736, tid=10120
#
# JRE version: OpenJDK Runtime Environment Temurin-17.0.8+7 (17.0.8+7) (build 17.0.8+7)
# Java VM: OpenJDK 64-Bit Server VM Temurin-17.0.8+7 (17.0.8+7, mixed mode, sharing, tiered, compressed oops, compressed class ptrs, g1 gc, windows-amd64)
# No core dump will be written. Minidumps are not enabled by default on client versions of Windows
#

---------------  S U M M A R Y ------------

Command Line: -XX:MaxMetaspaceSize=512m --add-opens=java.base/java.util=ALL-UNNAMED --add-opens=java.base/java.lang=ALL-UNNAMED --add-opens=java.base/java.lang.invoke=ALL-UNNAMED --add-opens=java.prefs/java.util.prefs=ALL-UNNAMED --add-opens=java.base/java.nio.charset=ALL-UNNAMED --add-opens=java.base/java.net=ALL-UNNAMED --add-opens=java.base/java.util.concurrent.atomic=ALL-UNNAMED -Xmx2048m -Dfile.encoding=windows-1252 -Duser.country=US -Duser.language=en -Duser.variant -javaagent:C:\Users\Sayan Ghosh\.gradle\wrapper\dists\gradle-8.3-all\6en3ugtfdg5xnpx44z4qbwgas\gradle-8.3\lib\agents\gradle-instrumentation-agent-8.3.jar org.gradle.launcher.daemon.bootstrap.GradleDaemon 8.3

Host: 13th Gen Intel(R) Core(TM) i5-13400F, 16 cores, 15G,  Windows 10 , 64 bit Build 19041 (10.0.19041.2546)
Time: Mon Jan 29 13:33:51 2024 India Standard Time elapsed time: 9.000665 seconds (0d 0h 0m 9s)

---------------  T H R E A D  ---------------

Current thread (0x000002156cfcd830):  JavaThread "C2 CompilerThread2" daemon [_thread_in_native, id=10120, stack(0x0000006b9c600000,0x0000006b9c700000)]


Current CompileTask:
C2:   9000 6217 %     4       java.util.zip.ZipFile$Source::initCEN @ 240 (591 bytes)

Stack: [0x0000006b9c600000,0x0000006b9c700000]
Native frames: (J=compiled Java code, j=interpreted, Vv=VM code, C=native code)
V  [jvm.dll+0x678b0a]
V  [jvm.dll+0x835e84]
V  [jvm.dll+0x83762e]
V  [jvm.dll+0x837c93]
V  [jvm.dll+0x24746f]
V  [jvm.dll+0xac20c]
V  [jvm.dll+0xac7dc]
V  [jvm.dll+0x365ca7]
V  [jvm.dll+0x3301a1]
V  [jvm.dll+0x32f64a]
V  [jvm.dll+0x219bf1]
V  [jvm.dll+0x219011]
V  [jvm.dll+0x1a534d]
V  [jvm.dll+0x228d8a]
V  [jvm.dll+0x226dcc]
V  [jvm.dll+0x7ec09b]
V  [jvm.dll+0x7e64ca]
V  [jvm.dll+0x677955]
C  [ucrtbase.dll+0x21bb2]
C  [KERNEL32.DLL+0x17614]
C  [ntdll.dll+0x526a1]


---------------  P R O C E S S  ---------------

Threads class SMR info:
_java_thread_list=0x000002156ba76c50, length=75, elements={
0x0000021546a1f940, 0x0000021565a20270, 0x0000021565a210f0, 0x0000021565a7a5c0,
0x0000021565a7c190, 0x0000021565a7eb60, 0x0000021565a80530, 0x0000021565a81630,
0x0000021565a82030, 0x0000021565a8d970, 0x0000021565b85330, 0x0000021565a0c3a0,
0x0000021565b91ed0, 0x0000021565b81b80, 0x0000021565b83ef0, 0x0000021565b82fc0,
0x0000021565b82090, 0x0000021565b84910, 0x0000021565b825a0, 0x0000021565b82ab0,
0x0000021565b834d0, 0x0000021565b839e0, 0x0000021565b84400, 0x0000021565b84e20,
0x000002156b59b4d0, 0x000002156b598740, 0x000002156b599b80, 0x000002156b59afc0,
0x000002156b5963d0, 0x000002156b59b9e0, 0x000002156b59bef0, 0x000002156b59c400,
0x000002156b59aab0, 0x000002156b597810, 0x000002156b598c50, 0x000002156b59a5a0,
0x000002156b59c910, 0x000002156b59ce20, 0x000002156b59dd50, 0x000002156b5968e0,
0x000002156b59d840, 0x000002156b597300, 0x000002156b597d20, 0x000002156b598230,
0x000002156f584100, 0x000002156f581370, 0x000002156f584b20, 0x000002156f585030,
0x000002156f57f000, 0x000002156bafcda0, 0x000002156f581880, 0x000002156f581d90,
0x000002156f585540, 0x000002156cfcd830, 0x000002156e176850, 0x000002156f57e5e0,
0x000002156f585a50, 0x000002156f584610, 0x000002156f57ff30, 0x000002156f580950,
0x000002156f585f60, 0x000002156f5836e0, 0x000002156f57fa20, 0x000002156f5822a0,
0x000002156f57eaf0, 0x000002156f580440, 0x000002156f583bf0, 0x000002156f580e60,
0x000002156f5827b0, 0x000002156f582cc0, 0x000002156c59b590, 0x000002156c5969a0,
0x000002156c59baa0, 0x000002156c595f80, 0x000002156c596490
}

Java Threads: ( => current thread )
  0x0000021546a1f940 JavaThread "main" [_thread_blocked, id=3152, stack(0x0000006b97c00000,0x0000006b97d00000)]
  0x0000021565a20270 JavaThread "Reference Handler" daemon [_thread_blocked, id=15388, stack(0x0000006b98300000,0x0000006b98400000)]
  0x0000021565a210f0 JavaThread "Finalizer" daemon [_thread_blocked, id=5632, stack(0x0000006b98400000,0x0000006b98500000)]
  0x0000021565a7a5c0 JavaThread "Signal Dispatcher" daemon [_thread_blocked, id=18024, stack(0x0000006b98500000,0x0000006b98600000)]
  0x0000021565a7c190 JavaThread "Attach Listener" daemon [_thread_blocked, id=18584, stack(0x0000006b98600000,0x0000006b98700000)]
  0x0000021565a7eb60 JavaThread "Service Thread" daemon [_thread_blocked, id=5248, stack(0x0000006b98700000,0x0000006b98800000)]
  0x0000021565a80530 JavaThread "Monitor Deflation Thread" daemon [_thread_blocked, id=15888, stack(0x0000006b98800000,0x0000006b98900000)]
  0x0000021565a81630 JavaThread "C2 CompilerThread0" daemon [_thread_blocked, id=11856, stack(0x0000006b98900000,0x0000006b98a00000)]
  0x0000021565a82030 JavaThread "C1 CompilerThread0" daemon [_thread_blocked, id=7800, stack(0x0000006b98a00000,0x0000006b98b00000)]
  0x0000021565a8d970 JavaThread "Sweeper thread" daemon [_thread_blocked, id=9088, stack(0x0000006b98b00000,0x0000006b98c00000)]
  0x0000021565b85330 JavaThread "Common-Cleaner" daemon [_thread_blocked, id=9372, stack(0x0000006b98c00000,0x0000006b98d00000)]
  0x0000021565a0c3a0 JavaThread "C1 CompilerThread1" daemon [_thread_blocked, id=15928, stack(0x0000006b98d00000,0x0000006b98e00000)]
  0x0000021565b91ed0 JavaThread "C1 CompilerThread2" daemon [_thread_blocked, id=19324, stack(0x0000006b98e00000,0x0000006b98f00000)]
  0x0000021565b81b80 JavaThread "Notification Thread" daemon [_thread_blocked, id=16028, stack(0x0000006b99100000,0x0000006b99200000)]
  0x0000021565b83ef0 JavaThread "Daemon health stats" [_thread_blocked, id=10472, stack(0x0000006b99900000,0x0000006b99a00000)]
  0x0000021565b82fc0 JavaThread "Incoming local TCP Connector on port 55584" [_thread_in_native, id=4512, stack(0x0000006b99a00000,0x0000006b99b00000)]
  0x0000021565b82090 JavaThread "Daemon periodic checks" [_thread_blocked, id=17976, stack(0x0000006b99b00000,0x0000006b99c00000)]
  0x0000021565b84910 JavaThread "Daemon" [_thread_blocked, id=8312, stack(0x0000006b99c00000,0x0000006b99d00000)]
  0x0000021565b825a0 JavaThread "Handler for socket connection from /127.0.0.1:55584 to /127.0.0.1:55585" [_thread_in_native, id=9012, stack(0x0000006b99d00000,0x0000006b99e00000)]
  0x0000021565b82ab0 JavaThread "Cancel handler" [_thread_blocked, id=2932, stack(0x0000006b99e00000,0x0000006b99f00000)]
  0x0000021565b834d0 JavaThread "Daemon worker" [_thread_in_native, id=9232, stack(0x0000006b99f00000,0x0000006b9a000000)]
  0x0000021565b839e0 JavaThread "Asynchronous log dispatcher for DefaultDaemonConnection: socket connection from /127.0.0.1:55584 to /127.0.0.1:55585" [_thread_blocked, id=19708, stack(0x0000006b9a000000,0x0000006b9a100000)]
  0x0000021565b84400 JavaThread "Stdin handler" [_thread_blocked, id=1468, stack(0x0000006b9a100000,0x0000006b9a200000)]
  0x0000021565b84e20 JavaThread "Daemon client event forwarder" [_thread_blocked, id=19256, stack(0x0000006b9a200000,0x0000006b9a300000)]
  0x000002156b59b4d0 JavaThread "Cache worker for journal cache (C:\Users\Sayan Ghosh\.gradle\caches\journal-1)" [_thread_blocked, id=20240, stack(0x0000006b9a300000,0x0000006b9a400000)]
  0x000002156b598740 JavaThread "File lock request listener" [_thread_in_native, id=19208, stack(0x0000006b9a400000,0x0000006b9a500000)]
  0x000002156b599b80 JavaThread "Cache worker for file hash cache (C:\Users\Sayan Ghosh\.gradle\caches\8.3\fileHashes)" [_thread_blocked, id=1576, stack(0x0000006b9a500000,0x0000006b9a600000)]
  0x000002156b59afc0 JavaThread "File watcher server" daemon [_thread_in_native, id=19640, stack(0x0000006b9a700000,0x0000006b9a800000)]
  0x000002156b5963d0 JavaThread "File watcher consumer" daemon [_thread_blocked, id=15556, stack(0x0000006b9a800000,0x0000006b9a900000)]
  0x000002156b59b9e0 JavaThread "Cache worker for checksums cache (F:\Programs\React Native APP\TicTacToe\android\.gradle\8.3\checksums)" [_thread_blocked, id=11092, stack(0x0000006b9b000000,0x0000006b9b100000)]
  0x000002156b59bef0 JavaThread "Cache worker for file hash cache (F:\Programs\React Native APP\TicTacToe\android\.gradle\8.3\fileHashes)" [_thread_blocked, id=2064, stack(0x0000006b9b100000,0x0000006b9b200000)]
  0x000002156b59c400 JavaThread "Cache worker for cache directory md-supplier (C:\Users\Sayan Ghosh\.gradle\caches\8.3\md-supplier)" [_thread_blocked, id=1816, stack(0x0000006b9b200000,0x0000006b9b300000)]
  0x000002156b59aab0 JavaThread "Cache worker for file content cache (C:\Users\Sayan Ghosh\.gradle\caches\8.3\fileContent)" [_thread_blocked, id=9740, stack(0x0000006b9b300000,0x0000006b9b400000)]
  0x000002156b597810 JavaThread "Cache worker for cache directory md-rule (C:\Users\Sayan Ghosh\.gradle\caches\8.3\md-rule)" [_thread_blocked, id=7616, stack(0x0000006b9b600000,0x0000006b9b700000)]
  0x000002156b598c50 JavaThread "Cache worker for execution history cache (C:\Users\Sayan Ghosh\.gradle\caches\8.3\executionHistory)" [_thread_blocked, id=6596, stack(0x0000006b9b700000,0x0000006b9b800000)]
  0x000002156b59a5a0 JavaThread "File lock release action executor" [_thread_blocked, id=2956, stack(0x0000006b9b800000,0x0000006b9b900000)]
  0x000002156b59c910 JavaThread "jar transforms" [_thread_blocked, id=9656, stack(0x0000006b9b900000,0x0000006b9ba00000)]
  0x000002156b59ce20 JavaThread "jar transforms Thread 2" [_thread_blocked, id=1904, stack(0x0000006b9ba00000,0x0000006b9bb00000)]
  0x000002156b59dd50 JavaThread "jar transforms Thread 3" [_thread_blocked, id=5520, stack(0x0000006b9bb00000,0x0000006b9bc00000)]
  0x000002156b5968e0 JavaThread "jar transforms Thread 4" [_thread_blocked, id=9284, stack(0x0000006b9bc00000,0x0000006b9bd00000)]
  0x000002156b59d840 JavaThread "Cache worker for kotlin-dsl (C:\Users\Sayan Ghosh\.gradle\caches\8.3\kotlin-dsl)" [_thread_blocked, id=3968, stack(0x0000006b99300000,0x0000006b99400000)]
  0x000002156b597300 JavaThread "jar transforms Thread 5" [_thread_blocked, id=2116, stack(0x0000006b9a600000,0x0000006b9a700000)]
  0x000002156b597d20 JavaThread "jar transforms Thread 6" [_thread_blocked, id=3500, stack(0x0000006b9bd00000,0x0000006b9be00000)]
  0x000002156b598230 JavaThread "Unconstrained build operations" [_thread_blocked, id=16664, stack(0x0000006b9be00000,0x0000006b9bf00000)]
  0x000002156f584100 JavaThread "Unconstrained build operations Thread 2" [_thread_blocked, id=2472, stack(0x0000006b9bf00000,0x0000006b9c000000)]
  0x000002156f581370 JavaThread "jar transforms Thread 7" [_thread_blocked, id=18476, stack(0x0000006b9c000000,0x0000006b9c100000)]
  0x000002156f584b20 JavaThread "jar transforms Thread 8" [_thread_blocked, id=17120, stack(0x0000006b9c100000,0x0000006b9c200000)]
  0x000002156f585030 JavaThread "jar transforms Thread 9" [_thread_blocked, id=12816, stack(0x0000006b9c200000,0x0000006b9c300000)]
  0x000002156f57f000 JavaThread "jar transforms Thread 10" [_thread_blocked, id=18472, stack(0x0000006b9c300000,0x0000006b9c400000)]
  0x000002156bafcda0 JavaThread "C2 CompilerThread1" daemon [_thread_blocked, id=13496, stack(0x0000006b98f00000,0x0000006b99000000)]
  0x000002156f581880 JavaThread "jar transforms Thread 11" [_thread_blocked, id=15960, stack(0x0000006b99000000,0x0000006b99100000)]
  0x000002156f581d90 JavaThread "jar transforms Thread 12" [_thread_blocked, id=12668, stack(0x0000006b9c400000,0x0000006b9c500000)]
  0x000002156f585540 JavaThread "Cache worker for dependencies-accessors (F:\Programs\React Native APP\TicTacToe\android\.gradle\8.3\dependencies-accessors)" [_thread_blocked, id=19760, stack(0x0000006b9c500000,0x0000006b9c600000)]
=>0x000002156cfcd830 JavaThread "C2 CompilerThread2" daemon [_thread_in_native, id=10120, stack(0x0000006b9c600000,0x0000006b9c700000)]
  0x000002156e176850 JavaThread "C1 CompilerThread3" daemon [_thread_blocked, id=15740, stack(0x0000006b9c700000,0x0000006b9c800000)]
  0x000002156f57e5e0 JavaThread "Cache worker for Build Output Cleanup Cache (F:\Programs\React Native APP\TicTacToe\node_modules\@react-native\gradle-plugin\.gradle\buildOutputCleanup)" [_thread_blocked, id=16476, stack(0x0000006b9c800000,0x0000006b9c900000)]
  0x000002156f585a50 JavaThread "jar transforms Thread 13" [_thread_blocked, id=16312, stack(0x0000006b9c900000,0x0000006b9ca00000)]
  0x000002156f584610 JavaThread "jar transforms Thread 14" [_thread_blocked, id=2936, stack(0x0000006b9ca00000,0x0000006b9cb00000)]
  0x000002156f57ff30 JavaThread "Unconstrained build operations Thread 3" [_thread_blocked, id=6816, stack(0x0000006b9cb00000,0x0000006b9cc00000)]
  0x000002156f580950 JavaThread "Unconstrained build operations Thread 4" [_thread_blocked, id=9200, stack(0x0000006b9cc00000,0x0000006b9cd00000)]
  0x000002156f585f60 JavaThread "Unconstrained build operations Thread 5" [_thread_blocked, id=5576, stack(0x0000006b9cd00000,0x0000006b9ce00000)]
  0x000002156f5836e0 JavaThread "Unconstrained build operations Thread 6" [_thread_blocked, id=2912, stack(0x0000006b9ce00000,0x0000006b9cf00000)]
  0x000002156f57fa20 JavaThread "Unconstrained build operations Thread 7" [_thread_blocked, id=19928, stack(0x0000006b9cf00000,0x0000006b9d000000)]
  0x000002156f5822a0 JavaThread "Unconstrained build operations Thread 8" [_thread_blocked, id=3700, stack(0x0000006b9d000000,0x0000006b9d100000)]
  0x000002156f57eaf0 JavaThread "Unconstrained build operations Thread 9" [_thread_blocked, id=6064, stack(0x0000006b9d100000,0x0000006b9d200000)]
  0x000002156f580440 JavaThread "Unconstrained build operations Thread 10" [_thread_blocked, id=7708, stack(0x0000006b9d200000,0x0000006b9d300000)]
  0x000002156f583bf0 JavaThread "Unconstrained build operations Thread 11" [_thread_blocked, id=8460, stack(0x0000006b9d300000,0x0000006b9d400000)]
  0x000002156f580e60 JavaThread "Unconstrained build operations Thread 12" [_thread_blocked, id=18632, stack(0x0000006b9d400000,0x0000006b9d500000)]
  0x000002156f5827b0 JavaThread "Unconstrained build operations Thread 13" [_thread_blocked, id=4516, stack(0x0000006b9d500000,0x0000006b9d600000)]
  0x000002156f582cc0 JavaThread "Unconstrained build operations Thread 14" [_thread_blocked, id=9660, stack(0x0000006b9d600000,0x0000006b9d700000)]
  0x000002156c59b590 JavaThread "Unconstrained build operations Thread 15" [_thread_blocked, id=15800, stack(0x0000006b9d700000,0x0000006b9d800000)]
  0x000002156c5969a0 JavaThread "Unconstrained build operations Thread 16" [_thread_blocked, id=10568, stack(0x0000006b9d800000,0x0000006b9d900000)]
  0x000002156c59baa0 JavaThread "Unconstrained build operations Thread 17" [_thread_blocked, id=6372, stack(0x0000006b9d900000,0x0000006b9da00000)]
  0x000002156c595f80 JavaThread "jar transforms Thread 15" [_thread_blocked, id=16492, stack(0x0000006b9da00000,0x0000006b9db00000)]
  0x000002156c596490 JavaThread "jar transforms Thread 16" [_thread_blocked, id=18484, stack(0x0000006b9db00000,0x0000006b9dc00000)]

Other Threads:
  0x0000021565a72010 VMThread "VM Thread" [stack: 0x0000006b98200000,0x0000006b98300000] [id=7136]
  0x0000021546aaa8b0 WatcherThread [stack: 0x0000006b99200000,0x0000006b99300000] [id=13804]
  0x0000021546a7b670 GCTaskThread "GC Thread#0" [stack: 0x0000006b97d00000,0x0000006b97e00000] [id=19140]
  0x000002156aa11fe0 GCTaskThread "GC Thread#1" [stack: 0x0000006b99400000,0x0000006b99500000] [id=16408]
  0x000002156a41e0c0 GCTaskThread "GC Thread#2" [stack: 0x0000006b99500000,0x0000006b99600000] [id=4740]
  0x000002156a3fe860 GCTaskThread "GC Thread#3" [stack: 0x0000006b99600000,0x0000006b99700000] [id=7340]
  0x0000021565e2a3d0 GCTaskThread "GC Thread#4" [stack: 0x0000006b99700000,0x0000006b99800000] [id=12556]
  0x0000021565e2b190 GCTaskThread "GC Thread#5" [stack: 0x0000006b99800000,0x0000006b99900000] [id=8304]
  0x0000021565e2b450 GCTaskThread "GC Thread#6" [stack: 0x0000006b9a900000,0x0000006b9aa00000] [id=10612]
  0x0000021565e2a950 GCTaskThread "GC Thread#7" [stack: 0x0000006b9aa00000,0x0000006b9ab00000] [id=16152]
  0x0000021565e29b90 GCTaskThread "GC Thread#8" [stack: 0x0000006b9ab00000,0x0000006b9ac00000] [id=14724]
  0x0000021565e2aed0 GCTaskThread "GC Thread#9" [stack: 0x0000006b9ac00000,0x0000006b9ad00000] [id=3932]
  0x0000021565e2ac10 GCTaskThread "GC Thread#10" [stack: 0x0000006b9ad00000,0x0000006b9ae00000] [id=6348]
  0x0000021565e298d0 GCTaskThread "GC Thread#11" [stack: 0x0000006b9ae00000,0x0000006b9af00000] [id=5392]
  0x000002156e548d70 GCTaskThread "GC Thread#12" [stack: 0x0000006b9af00000,0x0000006b9b000000] [id=10800]
  0x0000021546a8c5c0 ConcurrentGCThread "G1 Main Marker" [stack: 0x0000006b97e00000,0x0000006b97f00000] [id=18448]
  0x0000021546a8cfd0 ConcurrentGCThread "G1 Conc#0" [stack: 0x0000006b97f00000,0x0000006b98000000] [id=16900]
  0x000002156e5492f0 ConcurrentGCThread "G1 Conc#1" [stack: 0x0000006b9b400000,0x0000006b9b500000] [id=2340]
  0x000002156e5474b0 ConcurrentGCThread "G1 Conc#2" [stack: 0x0000006b9b500000,0x0000006b9b600000] [id=8152]
  0x0000021546add040 ConcurrentGCThread "G1 Refine#0" [stack: 0x0000006b98000000,0x0000006b98100000] [id=14848]
  0x0000021546adda70 ConcurrentGCThread "G1 Service" [stack: 0x0000006b98100000,0x0000006b98200000] [id=7212]

Threads with active compile tasks:
C2 CompilerThread2     9017 6217 %     4       java.util.zip.ZipFile$Source::initCEN @ 240 (591 bytes)

VM state: not at safepoint (normal execution)

VM Mutex/Monitor currently owned by a thread: None

Heap address: 0x0000000080000000, size: 2048 MB, Compressed Oops mode: 32-bit

CDS archive(s) mapped at: [0x0000021500000000-0x0000021500bd0000-0x0000021500bd0000), size 12386304, SharedBaseAddress: 0x0000021500000000, ArchiveRelocationMode: 1.
Compressed class space mapped at: 0x0000021501000000-0x000002151b000000, reserved size: 436207616
Narrow klass base: 0x0000021500000000, Narrow klass shift: 0, Narrow klass range: 0x100000000

GC Precious Log:
 CPUs: 16 total, 16 available
 Memory: 16222M
 Large Page Support: Disabled
 NUMA Support: Disabled
 Compressed Oops: Enabled (32-bit)
 Heap Region Size: 1M
 Heap Min Capacity: 8M
 Heap Initial Capacity: 254M
 Heap Max Capacity: 2G
 Pre-touch: Disabled
 Parallel Workers: 13
 Concurrent Workers: 3
 Concurrent Refinement Workers: 13
 Periodic GC: Disabled

Heap:
 garbage-first heap   total 86016K, used 47525K [0x0000000080000000, 0x0000000100000000)
  region size 1024K, 5 young (5120K), 4 survivors (4096K)
 Metaspace       used 46753K, committed 47296K, reserved 491520K
  class space    used 6565K, committed 6848K, reserved 425984K

Heap Regions: E=young(eden), S=young(survivor), O=old, HS=humongous(starts), HC=humongous(continues), CS=collection set, F=free, OA=open archive, CA=closed archive, TAMS=top-at-mark-start (previous, next)
|   0|0x0000000080000000, 0x0000000080100000, 0x0000000080100000|100%|HS|  |TAMS 0x0000000080100000, 0x0000000080000000| Complete 
|   1|0x0000000080100000, 0x0000000080200000, 0x0000000080200000|100%|HC|  |TAMS 0x0000000080200000, 0x0000000080100000| Complete 
|   2|0x0000000080200000, 0x0000000080300000, 0x0000000080300000|100%|HC|  |TAMS 0x0000000080300000, 0x0000000080200000| Complete 
|   3|0x0000000080300000, 0x0000000080400000, 0x0000000080400000|100%|HC|  |TAMS 0x0000000080400000, 0x0000000080300000| Complete 
|   4|0x0000000080400000, 0x0000000080500000, 0x0000000080500000|100%| O|  |TAMS 0x0000000080500000, 0x0000000080400000| Untracked 
|   5|0x0000000080500000, 0x0000000080600000, 0x0000000080600000|100%| O|  |TAMS 0x0000000080600000, 0x0000000080500000| Untracked 
|   6|0x0000000080600000, 0x0000000080700000, 0x0000000080700000|100%| O|  |TAMS 0x0000000080700000, 0x0000000080600000| Untracked 
|   7|0x0000000080700000, 0x0000000080800000, 0x0000000080800000|100%| O|  |TAMS 0x0000000080800000, 0x0000000080700000| Untracked 
|   8|0x0000000080800000, 0x0000000080900000, 0x0000000080900000|100%| O|  |TAMS 0x0000000080900000, 0x0000000080800000| Untracked 
|   9|0x0000000080900000, 0x0000000080a00000, 0x0000000080a00000|100%| O|  |TAMS 0x0000000080a00000, 0x0000000080900000| Untracked 
|  10|0x0000000080a00000, 0x0000000080b00000, 0x0000000080b00000|100%| O|  |TAMS 0x0000000080b00000, 0x0000000080a00000| Untracked 
|  11|0x0000000080b00000, 0x0000000080c00000, 0x0000000080c00000|100%| O|  |TAMS 0x0000000080c00000, 0x0000000080b00000| Untracked 
|  12|0x0000000080c00000, 0x0000000080d00000, 0x0000000080d00000|100%| O|  |TAMS 0x0000000080d00000, 0x0000000080c00000| Untracked 
|  13|0x0000000080d00000, 0x0000000080e00000, 0x0000000080e00000|100%| O|  |TAMS 0x0000000080e00000, 0x0000000080d00000| Untracked 
|  14|0x0000000080e00000, 0x0000000080f00000, 0x0000000080f00000|100%| O|  |TAMS 0x0000000080f00000, 0x0000000080e00000| Untracked 
|  15|0x0000000080f00000, 0x0000000081000000, 0x0000000081000000|100%| O|  |TAMS 0x0000000081000000, 0x0000000080f00000| Untracked 
|  16|0x0000000081000000, 0x0000000081100000, 0x0000000081100000|100%| O|  |TAMS 0x0000000081100000, 0x0000000081000000| Untracked 
|  17|0x0000000081100000, 0x0000000081200000, 0x0000000081200000|100%| O|  |TAMS 0x0000000081200000, 0x0000000081100000| Untracked 
|  18|0x0000000081200000, 0x0000000081300000, 0x0000000081300000|100%| O|  |TAMS 0x0000000081300000, 0x0000000081200000| Untracked 
|  19|0x0000000081300000, 0x0000000081400000, 0x0000000081400000|100%| O|  |TAMS 0x0000000081400000, 0x0000000081300000| Untracked 
|  20|0x0000000081400000, 0x0000000081500000, 0x0000000081500000|100%| O|  |TAMS 0x0000000081500000, 0x0000000081400000| Untracked 
|  21|0x0000000081500000, 0x0000000081583600, 0x0000000081600000| 51%| O|  |TAMS 0x0000000081583600, 0x0000000081500000| Untracked 
|  22|0x0000000081600000, 0x0000000081700000, 0x0000000081700000|100%| O|  |TAMS 0x0000000081700000, 0x0000000081600000| Untracked 
|  23|0x0000000081700000, 0x0000000081800000, 0x0000000081800000|100%| O|  |TAMS 0x0000000081800000, 0x0000000081700000| Untracked 
|  24|0x0000000081800000, 0x0000000081900000, 0x0000000081900000|100%| O|  |TAMS 0x0000000081900000, 0x0000000081800000| Untracked 
|  25|0x0000000081900000, 0x0000000081a00000, 0x0000000081a00000|100%| O|  |TAMS 0x0000000081a00000, 0x0000000081900000| Untracked 
|  26|0x0000000081a00000, 0x0000000081b00000, 0x0000000081b00000|100%| O|  |TAMS 0x0000000081b00000, 0x0000000081a00000| Untracked 
|  27|0x0000000081b00000, 0x0000000081c00000, 0x0000000081c00000|100%| O|  |TAMS 0x0000000081c00000, 0x0000000081b00000| Untracked 
|  28|0x0000000081c00000, 0x0000000081d00000, 0x0000000081d00000|100%| O|  |TAMS 0x0000000081d00000, 0x0000000081c00000| Untracked 
|  29|0x0000000081d00000, 0x0000000081e00000, 0x0000000081e00000|100%| O|  |TAMS 0x0000000081e00000, 0x0000000081d00000| Untracked 
|  30|0x0000000081e00000, 0x0000000081f00000, 0x0000000081f00000|100%| O|  |TAMS 0x0000000081ea1c00, 0x0000000081e00000| Untracked 
|  31|0x0000000081f00000, 0x0000000082000000, 0x0000000082000000|100%|HS|  |TAMS 0x0000000082000000, 0x0000000081f00000| Complete 
|  32|0x0000000082000000, 0x0000000082100000, 0x0000000082100000|100%|HC|  |TAMS 0x0000000082100000, 0x0000000082000000| Complete 
|  33|0x0000000082100000, 0x0000000082200000, 0x0000000082200000|100%| O|  |TAMS 0x0000000082100000, 0x0000000082100000| Untracked 
|  34|0x0000000082200000, 0x0000000082300000, 0x0000000082300000|100%| O|  |TAMS 0x0000000082300000, 0x0000000082200000| Untracked 
|  35|0x0000000082300000, 0x0000000082400000, 0x0000000082400000|100%| O|  |TAMS 0x0000000082400000, 0x0000000082300000| Untracked 
|  36|0x0000000082400000, 0x0000000082500000, 0x0000000082500000|100%| O|  |TAMS 0x0000000082500000, 0x0000000082400000| Untracked 
|  37|0x0000000082500000, 0x0000000082600000, 0x0000000082600000|100%|HS|  |TAMS 0x0000000082600000, 0x0000000082500000| Complete 
|  38|0x0000000082600000, 0x0000000082700000, 0x0000000082700000|100%|HC|  |TAMS 0x0000000082700000, 0x0000000082600000| Complete 
|  39|0x0000000082700000, 0x000000008276b200, 0x0000000082800000| 41%| O|  |TAMS 0x0000000082700000, 0x0000000082700000| Untracked 
|  40|0x0000000082800000, 0x0000000082900000, 0x0000000082900000|100%|HS|  |TAMS 0x0000000082800000, 0x0000000082800000| Complete 
|  41|0x0000000082900000, 0x0000000082a00000, 0x0000000082a00000|100%|HC|  |TAMS 0x0000000082900000, 0x0000000082900000| Complete 
|  42|0x0000000082a00000, 0x0000000082b00000, 0x0000000082b00000|100%|HC|  |TAMS 0x0000000082a00000, 0x0000000082a00000| Complete 
|  43|0x0000000082b00000, 0x0000000082c00000, 0x0000000082c00000|100%|HC|  |TAMS 0x0000000082b00000, 0x0000000082b00000| Complete 
|  44|0x0000000082c00000, 0x0000000082c00000, 0x0000000082d00000|  0%| F|  |TAMS 0x0000000082c00000, 0x0000000082c00000| Untracked 
|  45|0x0000000082d00000, 0x0000000082d00000, 0x0000000082e00000|  0%| F|  |TAMS 0x0000000082d00000, 0x0000000082d00000| Untracked 
|  46|0x0000000082e00000, 0x0000000082e00000, 0x0000000082f00000|  0%| F|  |TAMS 0x0000000082e00000, 0x0000000082e00000| Untracked 
|  47|0x0000000082f00000, 0x0000000082f00000, 0x0000000083000000|  0%| F|  |TAMS 0x0000000082f00000, 0x0000000082f00000| Untracked 
|  48|0x0000000083000000, 0x0000000083000000, 0x0000000083100000|  0%| F|  |TAMS 0x0000000083000000, 0x0000000083000000| Untracked 
|  49|0x0000000083100000, 0x0000000083100000, 0x0000000083200000|  0%| F|  |TAMS 0x0000000083100000, 0x0000000083100000| Untracked 
|  50|0x0000000083200000, 0x0000000083200000, 0x0000000083300000|  0%| F|  |TAMS 0x0000000083200000, 0x0000000083200000| Untracked 
|  51|0x0000000083300000, 0x0000000083300000, 0x0000000083400000|  0%| F|  |TAMS 0x0000000083300000, 0x0000000083300000| Untracked 
|  52|0x0000000083400000, 0x0000000083400000, 0x0000000083500000|  0%| F|  |TAMS 0x0000000083400000, 0x0000000083400000| Untracked 
|  53|0x0000000083500000, 0x0000000083500000, 0x0000000083600000|  0%| F|  |TAMS 0x0000000083500000, 0x0000000083500000| Untracked 
|  54|0x0000000083600000, 0x0000000083600000, 0x0000000083700000|  0%| F|  |TAMS 0x0000000083600000, 0x0000000083600000| Untracked 
|  55|0x0000000083700000, 0x0000000083700000, 0x0000000083800000|  0%| F|  |TAMS 0x0000000083700000, 0x0000000083700000| Untracked 
|  56|0x0000000083800000, 0x0000000083800000, 0x0000000083900000|  0%| F|  |TAMS 0x0000000083800000, 0x0000000083800000| Untracked 
|  57|0x0000000083900000, 0x0000000083900000, 0x0000000083a00000|  0%| F|  |TAMS 0x0000000083900000, 0x0000000083900000| Untracked 
|  58|0x0000000083a00000, 0x0000000083a00000, 0x0000000083b00000|  0%| F|  |TAMS 0x0000000083a00000, 0x0000000083a00000| Untracked 
|  59|0x0000000083b00000, 0x0000000083b00000, 0x0000000083c00000|  0%| F|  |TAMS 0x0000000083b00000, 0x0000000083b00000| Untracked 
|  60|0x0000000083c00000, 0x0000000083c00000, 0x0000000083d00000|  0%| F|  |TAMS 0x0000000083c00000, 0x0000000083c00000| Untracked 
|  61|0x0000000083d00000, 0x0000000083d00000, 0x0000000083e00000|  0%| F|  |TAMS 0x0000000083d00000, 0x0000000083d00000| Untracked 
|  62|0x0000000083e00000, 0x0000000083e00000, 0x0000000083f00000|  0%| F|  |TAMS 0x0000000083e00000, 0x0000000083e00000| Untracked 
|  63|0x0000000083f00000, 0x0000000083f00000, 0x0000000084000000|  0%| F|  |TAMS 0x0000000083f00000, 0x0000000083f00000| Untracked 
|  64|0x0000000084000000, 0x0000000084000000, 0x0000000084100000|  0%| F|  |TAMS 0x0000000084000000, 0x0000000084000000| Untracked 
|  65|0x0000000084100000, 0x0000000084100000, 0x0000000084200000|  0%| F|  |TAMS 0x0000000084100000, 0x0000000084100000| Untracked 
|  66|0x0000000084200000, 0x0000000084200000, 0x0000000084300000|  0%| F|  |TAMS 0x0000000084200000, 0x0000000084200000| Untracked 
|  67|0x0000000084300000, 0x0000000084300000, 0x0000000084400000|  0%| F|  |TAMS 0x0000000084300000, 0x0000000084300000| Untracked 
|  68|0x0000000084400000, 0x0000000084400000, 0x0000000084500000|  0%| F|  |TAMS 0x0000000084400000, 0x0000000084400000| Untracked 
|  69|0x0000000084500000, 0x0000000084500000, 0x0000000084600000|  0%| F|  |TAMS 0x0000000084500000, 0x0000000084500000| Untracked 
|  70|0x0000000084600000, 0x000000008467afe8, 0x0000000084700000| 48%| S|CS|TAMS 0x0000000084600000, 0x0000000084600000| Complete 
|  71|0x0000000084700000, 0x0000000084800000, 0x0000000084800000|100%| S|CS|TAMS 0x0000000084700000, 0x0000000084700000| Complete 
|  72|0x0000000084800000, 0x0000000084900000, 0x0000000084900000|100%| S|CS|TAMS 0x0000000084800000, 0x0000000084800000| Complete 
|  73|0x0000000084900000, 0x0000000084a00000, 0x0000000084a00000|100%| S|CS|TAMS 0x0000000084900000, 0x0000000084900000| Complete 
|  74|0x0000000084a00000, 0x0000000084a00000, 0x0000000084b00000|  0%| F|  |TAMS 0x0000000084a00000, 0x0000000084a00000| Untracked 
|  75|0x0000000084b00000, 0x0000000084b00000, 0x0000000084c00000|  0%| F|  |TAMS 0x0000000084b00000, 0x0000000084b00000| Untracked 
|  76|0x0000000084c00000, 0x0000000084c00000, 0x0000000084d00000|  0%| F|  |TAMS 0x0000000084c00000, 0x0000000084c00000| Untracked 
|  77|0x0000000084d00000, 0x0000000084d00000, 0x0000000084e00000|  0%| F|  |TAMS 0x0000000084d00000, 0x0000000084d00000| Untracked 
|  78|0x0000000084e00000, 0x0000000084e00000, 0x0000000084f00000|  0%| F|  |TAMS 0x0000000084e00000, 0x0000000084e00000| Untracked 
|  79|0x0000000084f00000, 0x0000000084f00000, 0x0000000085000000|  0%| F|  |TAMS 0x0000000084f00000, 0x0000000084f00000| Untracked 
|  80|0x0000000085000000, 0x0000000085000000, 0x0000000085100000|  0%| F|  |TAMS 0x0000000085000000, 0x0000000085000000| Untracked 
| 233|0x000000008e900000, 0x000000008e900000, 0x000000008ea00000|  0%| F|  |TAMS 0x000000008e900000, 0x000000008e900000| Untracked 
| 234|0x000000008ea00000, 0x000000008ea00000, 0x000000008eb00000|  0%| F|  |TAMS 0x000000008ea00000, 0x000000008ea00000| Untracked 
| 253|0x000000008fd00000, 0x000000008fe00000, 0x000000008fe00000|100%| E|  |TAMS 0x000000008fd00000, 0x000000008fd00000| Complete 

Card table byte_map: [0x000002155e190000,0x000002155e590000] _byte_map_base: 0x000002155dd90000

Marking Bits (Prev, Next): (CMBitMap*) 0x0000021546a7bcd0, (CMBitMap*) 0x0000021546a7bc90
 Prev Bits: [0x0000021560990000, 0x0000021562990000)
 Next Bits: [0x000002155e990000, 0x0000021560990000)

Polling page: 0x00000215461e0000

Metaspace:

Usage:
  Non-class:     39.25 MB used.
      Class:      6.41 MB used.
       Both:     45.66 MB used.

Virtual space:
  Non-class space:       64.00 MB reserved,      39.50 MB ( 62%) committed,  1 nodes.
      Class space:      416.00 MB reserved,       6.69 MB (  2%) committed,  1 nodes.
             Both:      480.00 MB reserved,      46.19 MB ( 10%) committed. 

Chunk freelists:
   Non-Class:  8.44 MB
       Class:  9.29 MB
        Both:  17.73 MB

MaxMetaspaceSize: 512.00 MB
CompressedClassSpaceSize: 416.00 MB
Initial GC threshold: 21.00 MB
Current GC threshold: 77.00 MB
CDS: on
MetaspaceReclaimPolicy: balanced
 - commit_granule_bytes: 65536.
 - commit_granule_words: 8192.
 - virtual_space_node_default_size: 8388608.
 - enlarge_chunks_in_place: 1.
 - new_chunks_are_fully_committed: 0.
 - uncommit_free_chunks: 1.
 - use_allocation_guard: 0.
 - handle_deallocations: 1.


Internal statistics:

num_allocs_failed_limit: 6.
num_arena_births: 662.
num_arena_deaths: 0.
num_vsnodes_births: 2.
num_vsnodes_deaths: 0.
num_space_committed: 739.
num_space_uncommitted: 0.
num_chunks_returned_to_freelist: 6.
num_chunks_taken_from_freelist: 2508.
num_chunk_merges: 6.
num_chunk_splits: 1651.
num_chunks_enlarged: 1109.
num_inconsistent_stats: 0.

CodeHeap 'non-profiled nmethods': size=119168Kb used=3035Kb max_used=3056Kb free=116132Kb
 bounds [0x00000215560b0000, 0x00000215563b0000, 0x000002155d510000]
CodeHeap 'profiled nmethods': size=119104Kb used=10727Kb max_used=10727Kb free=108376Kb
 bounds [0x000002154e510000, 0x000002154ef90000, 0x0000021555960000]
CodeHeap 'non-nmethods': size=7488Kb used=4014Kb max_used=4068Kb free=3473Kb
 bounds [0x0000021555960000, 0x0000021555d60000, 0x00000215560b0000]
 total_blobs=6366 nmethods=5525 adapters=749
 compilation: enabled
              stopped_count=0, restarted_count=0
 full_count=0

Compilation events (20 events):
Event: 8.650 Thread 0x0000021565b91ed0 6209       3       com.google.common.collect.MapMakerInternalMap$StrongKeyWeakValueEntry$Helper::newEntry (12 bytes)
Event: 8.650 Thread 0x0000021565a82030 nmethod 6206 0x000002154ef84d10 code [0x000002154ef84ea0, 0x000002154ef85068]
Event: 8.650 Thread 0x0000021565a0c3a0 nmethod 6208 0x000002154ef85110 code [0x000002154ef852c0, 0x000002154ef855e8]
Event: 8.650 Thread 0x0000021565a82030 6210       3       com.google.common.collect.MapMakerInternalMap$StrongKeyWeakValueEntry$Helper::setValue (14 bytes)
Event: 8.650 Thread 0x0000021565b91ed0 nmethod 6209 0x000002154ef85710 code [0x000002154ef858e0, 0x000002154ef85cf8]
Event: 8.650 Thread 0x0000021565a0c3a0 6211       3       com.google.common.collect.MapMakerInternalMap$StrongKeyWeakValueEntry$Helper::setValue (10 bytes)
Event: 8.650 Thread 0x0000021565b91ed0 6212       3       com.google.common.collect.MapMakerInternalMap$StrongKeyWeakValueEntry::setValue (26 bytes)
Event: 8.650 Thread 0x000002156e176850 nmethod 6207 0x000002154ef85e90 code [0x000002154ef86080, 0x000002154ef86658]
Event: 8.650 Thread 0x000002156e176850 6213       3       com.google.common.collect.MapMakerInternalMap$1::clear (1 bytes)
Event: 8.650 Thread 0x000002156e176850 nmethod 6213 0x000002154ef86890 code [0x000002154ef86a20, 0x000002154ef86b38]
Event: 8.650 Thread 0x0000021565a82030 nmethod 6210 0x000002154ef86c10 code [0x000002154ef86de0, 0x000002154ef87188]
Event: 8.650 Thread 0x0000021565a0c3a0 nmethod 6211 0x000002154ef87310 code [0x000002154ef874c0, 0x000002154ef87628]
Event: 8.650 Thread 0x0000021565b91ed0 nmethod 6212 0x000002154ef87710 code [0x000002154ef878e0, 0x000002154ef87e68]
Event: 8.652 Thread 0x0000021565a82030 6214   !   3       org.gradle.internal.classloader.FilteringClassLoader::loadClass (62 bytes)
Event: 8.652 Thread 0x0000021565a82030 nmethod 6214 0x000002154ef88010 code [0x000002154ef882c0, 0x000002154ef88f28]
Event: 8.654 Thread 0x0000021565a81630 6215   !   4       jdk.internal.loader.Resource::getBytes (244 bytes)
Event: 8.657 Thread 0x000002156cfcd830 6216       4       java.util.stream.SpinedBuffer::accept (94 bytes)
Event: 8.659 Thread 0x000002156cfcd830 nmethod 6216 0x0000021556227010 code [0x00000215562271c0, 0x00000215562275b8]
Event: 8.669 Thread 0x0000021565a81630 nmethod 6215 0x0000021556224010 code [0x00000215562242c0, 0x00000215562260e0]
Event: 8.975 Thread 0x000002156cfcd830 6217 %     4       java.util.zip.ZipFile$Source::initCEN @ 240 (591 bytes)

GC Heap History (20 events):
Event: 4.522 GC heap before
{Heap before GC invocations=2 (full 0):
 garbage-first heap   total 260096K, used 112976K [0x0000000080000000, 0x0000000100000000)
  region size 1024K, 100 young (102400K), 1 survivors (1024K)
 Metaspace       used 19121K, committed 19520K, reserved 491520K
  class space    used 2799K, committed 3008K, reserved 425984K
}
Event: 4.527 GC heap after
{Heap after GC invocations=3 (full 0):
 garbage-first heap   total 260096K, used 22192K [0x0000000080000000, 0x0000000100000000)
  region size 1024K, 12 young (12288K), 12 survivors (12288K)
 Metaspace       used 19121K, committed 19520K, reserved 491520K
  class space    used 2799K, committed 3008K, reserved 425984K
}
Event: 4.683 GC heap before
{Heap before GC invocations=3 (full 0):
 garbage-first heap   total 260096K, used 40624K [0x0000000080000000, 0x0000000100000000)
  region size 1024K, 31 young (31744K), 12 survivors (12288K)
 Metaspace       used 21209K, committed 21504K, reserved 491520K
  class space    used 3118K, committed 3264K, reserved 425984K
}
Event: 4.687 GC heap after
{Heap after GC invocations=4 (full 0):
 garbage-first heap   total 260096K, used 23413K [0x0000000080000000, 0x0000000100000000)
  region size 1024K, 2 young (2048K), 2 survivors (2048K)
 Metaspace       used 21209K, committed 21504K, reserved 491520K
  class space    used 3118K, committed 3264K, reserved 425984K
}
Event: 5.202 GC heap before
{Heap before GC invocations=5 (full 0):
 garbage-first heap   total 86016K, used 71541K [0x0000000080000000, 0x0000000100000000)
  region size 1024K, 50 young (51200K), 2 survivors (2048K)
 Metaspace       used 29747K, committed 30016K, reserved 491520K
  class space    used 4153K, committed 4288K, reserved 425984K
}
Event: 5.205 GC heap after
{Heap after GC invocations=6 (full 0):
 garbage-first heap   total 86016K, used 26841K [0x0000000080000000, 0x0000000100000000)
  region size 1024K, 5 young (5120K), 5 survivors (5120K)
 Metaspace       used 29747K, committed 30016K, reserved 491520K
  class space    used 4153K, committed 4288K, reserved 425984K
}
Event: 5.542 GC heap before
{Heap before GC invocations=6 (full 0):
 garbage-first heap   total 86016K, used 67801K [0x0000000080000000, 0x0000000100000000)
  region size 1024K, 41 young (41984K), 5 survivors (5120K)
 Metaspace       used 32739K, committed 33152K, reserved 491520K
  class space    used 4502K, committed 4736K, reserved 425984K
}
Event: 5.544 GC heap after
{Heap after GC invocations=7 (full 0):
 garbage-first heap   total 86016K, used 29872K [0x0000000080000000, 0x0000000100000000)
  region size 1024K, 4 young (4096K), 4 survivors (4096K)
 Metaspace       used 32739K, committed 33152K, reserved 491520K
  class space    used 4502K, committed 4736K, reserved 425984K
}
Event: 7.026 GC heap before
{Heap before GC invocations=7 (full 0):
 garbage-first heap   total 86016K, used 62640K [0x0000000080000000, 0x0000000100000000)
  region size 1024K, 37 young (37888K), 4 survivors (4096K)
 Metaspace       used 34334K, committed 34752K, reserved 491520K
  class space    used 4730K, committed 4928K, reserved 425984K
}
Event: 7.028 GC heap after
{Heap after GC invocations=8 (full 0):
 garbage-first heap   total 86016K, used 31913K [0x0000000080000000, 0x0000000100000000)
  region size 1024K, 3 young (3072K), 3 survivors (3072K)
 Metaspace       used 34334K, committed 34752K, reserved 491520K
  class space    used 4730K, committed 4928K, reserved 425984K
}
Event: 7.170 GC heap before
{Heap before GC invocations=8 (full 0):
 garbage-first heap   total 86016K, used 52393K [0x0000000080000000, 0x0000000100000000)
  region size 1024K, 23 young (23552K), 3 survivors (3072K)
 Metaspace       used 35657K, committed 36096K, reserved 491520K
  class space    used 4851K, committed 5056K, reserved 425984K
}
Event: 7.171 GC heap after
{Heap after GC invocations=9 (full 0):
 garbage-first heap   total 86016K, used 33324K [0x0000000080000000, 0x0000000100000000)
  region size 1024K, 4 young (4096K), 4 survivors (4096K)
 Metaspace       used 35657K, committed 36096K, reserved 491520K
  class space    used 4851K, committed 5056K, reserved 425984K
}
Event: 7.587 GC heap before
{Heap before GC invocations=10 (full 0):
 garbage-first heap   total 86016K, used 67116K [0x0000000080000000, 0x0000000100000000)
  region size 1024K, 37 young (37888K), 4 survivors (4096K)
 Metaspace       used 39298K, committed 39808K, reserved 491520K
  class space    used 5422K, committed 5632K, reserved 425984K
}
Event: 7.589 GC heap after
{Heap after GC invocations=11 (full 0):
 garbage-first heap   total 86016K, used 34155K [0x0000000080000000, 0x0000000100000000)
  region size 1024K, 3 young (3072K), 3 survivors (3072K)
 Metaspace       used 39298K, committed 39808K, reserved 491520K
  class space    used 5422K, committed 5632K, reserved 425984K
}
Event: 8.068 GC heap before
{Heap before GC invocations=11 (full 0):
 garbage-first heap   total 86016K, used 66923K [0x0000000080000000, 0x0000000100000000)
  region size 1024K, 35 young (35840K), 3 survivors (3072K)
 Metaspace       used 42856K, committed 43392K, reserved 491520K
  class space    used 5976K, committed 6208K, reserved 425984K
}
Event: 8.070 GC heap after
{Heap after GC invocations=12 (full 0):
 garbage-first heap   total 86016K, used 35980K [0x0000000080000000, 0x0000000100000000)
  region size 1024K, 5 young (5120K), 5 survivors (5120K)
 Metaspace       used 42856K, committed 43392K, reserved 491520K
  class space    used 5976K, committed 6208K, reserved 425984K
}
Event: 8.514 GC heap before
{Heap before GC invocations=12 (full 0):
 garbage-first heap   total 86016K, used 67724K [0x0000000080000000, 0x0000000100000000)
  region size 1024K, 36 young (36864K), 5 survivors (5120K)
 Metaspace       used 46403K, committed 46976K, reserved 491520K
  class space    used 6532K, committed 6784K, reserved 425984K
}
Event: 8.516 GC heap after
{Heap after GC invocations=13 (full 0):
 garbage-first heap   total 86016K, used 37883K [0x0000000080000000, 0x0000000100000000)
  region size 1024K, 4 young (4096K), 4 survivors (4096K)
 Metaspace       used 46403K, committed 46976K, reserved 491520K
  class space    used 6532K, committed 6784K, reserved 425984K
}
Event: 8.970 GC heap before
{Heap before GC invocations=13 (full 0):
 garbage-first heap   total 86016K, used 51195K [0x0000000080000000, 0x0000000100000000)
  region size 1024K, 14 young (14336K), 4 survivors (4096K)
 Metaspace       used 46753K, committed 47296K, reserved 491520K
  class space    used 6565K, committed 6848K, reserved 425984K
}
Event: 8.972 GC heap after
{Heap after GC invocations=14 (full 0):
 garbage-first heap   total 86016K, used 43429K [0x0000000080000000, 0x0000000100000000)
  region size 1024K, 4 young (4096K), 4 survivors (4096K)
 Metaspace       used 46753K, committed 47296K, reserved 491520K
  class space    used 6565K, committed 6848K, reserved 425984K
}

Dll operation events (14 events):
Event: 0.005 Loaded shared library C:\Users\Sayan Ghosh\AppData\Local\Programs\Eclipse Adoptium\jdk-17.0.8.7-hotspot\bin\java.dll
Event: 0.017 Loaded shared library C:\Users\Sayan Ghosh\AppData\Local\Programs\Eclipse Adoptium\jdk-17.0.8.7-hotspot\bin\jsvml.dll
Event: 0.047 Loaded shared library C:\Users\Sayan Ghosh\AppData\Local\Programs\Eclipse Adoptium\jdk-17.0.8.7-hotspot\bin\zip.dll
Event: 0.048 Loaded shared library C:\Users\Sayan Ghosh\AppData\Local\Programs\Eclipse Adoptium\jdk-17.0.8.7-hotspot\bin\instrument.dll
Event: 0.051 Loaded shared library C:\Users\Sayan Ghosh\AppData\Local\Programs\Eclipse Adoptium\jdk-17.0.8.7-hotspot\bin\net.dll
Event: 0.052 Loaded shared library C:\Users\Sayan Ghosh\AppData\Local\Programs\Eclipse Adoptium\jdk-17.0.8.7-hotspot\bin\nio.dll
Event: 0.054 Loaded shared library C:\Users\Sayan Ghosh\AppData\Local\Programs\Eclipse Adoptium\jdk-17.0.8.7-hotspot\bin\zip.dll
Event: 0.150 Loaded shared library C:\Users\Sayan Ghosh\AppData\Local\Programs\Eclipse Adoptium\jdk-17.0.8.7-hotspot\bin\jimage.dll
Event: 0.184 Loaded shared library C:\Users\Sayan Ghosh\AppData\Local\Programs\Eclipse Adoptium\jdk-17.0.8.7-hotspot\bin\verify.dll
Event: 0.288 Loaded shared library C:\Users\Sayan Ghosh\.gradle\native\68d5fa5c4cc2d200863cafc0d521ce42e7d3e7ee720ec0a83991735586a16f82\windows-amd64\native-platform.dll
Event: 0.344 Loaded shared library C:\Users\Sayan Ghosh\.gradle\native\e376f236ea51e6404a007f0833ffe2c6e607c4080706a723a18a27aeea778392\windows-amd64\native-platform-file-events.dll
Event: 3.535 Loaded shared library C:\Users\Sayan Ghosh\AppData\Local\Programs\Eclipse Adoptium\jdk-17.0.8.7-hotspot\bin\management.dll
Event: 3.537 Loaded shared library C:\Users\Sayan Ghosh\AppData\Local\Programs\Eclipse Adoptium\jdk-17.0.8.7-hotspot\bin\management_ext.dll
Event: 3.802 Loaded shared library C:\Users\Sayan Ghosh\AppData\Local\Programs\Eclipse Adoptium\jdk-17.0.8.7-hotspot\bin\sunmscapi.dll

Deoptimization events (20 events):
Event: 8.420 Thread 0x0000021565b834d0 Uncommon trap: trap_request=0xffffff45 fr.pc=0x00000215562fa954 relative=0x0000000000001e54
Event: 8.420 Thread 0x0000021565b834d0 Uncommon trap: reason=unstable_if action=reinterpret pc=0x00000215562fa954 method=org.objectweb.asm.Frame.execute(IILorg/objectweb/asm/Symbol;Lorg/objectweb/asm/SymbolTable;)V @ 1 c2
Event: 8.420 Thread 0x0000021565b834d0 DEOPT PACKING pc=0x00000215562fa954 sp=0x0000006b99ff7e70
Event: 8.420 Thread 0x0000021565b834d0 DEOPT UNPACKING pc=0x00000215559b69a3 sp=0x0000006b99ff7e18 mode 2
Event: 8.510 Thread 0x0000021565b834d0 DEOPT PACKING pc=0x000002154e5df84b sp=0x0000006b99ff6b60
Event: 8.510 Thread 0x0000021565b834d0 DEOPT UNPACKING pc=0x00000215559b7143 sp=0x0000006b99ff6080 mode 0
Event: 8.601 Thread 0x000002156f57ff30 DEOPT PACKING pc=0x000002154e9e1adc sp=0x0000006b9cbfd060
Event: 8.601 Thread 0x000002156f57ff30 DEOPT UNPACKING pc=0x00000215559b7143 sp=0x0000006b9cbfc5e0 mode 0
Event: 8.611 Thread 0x0000021565b834d0 Uncommon trap: trap_request=0xffffff45 fr.pc=0x000002155639edd4 relative=0x0000000000000294
Event: 8.611 Thread 0x0000021565b834d0 Uncommon trap: reason=unstable_if action=reinterpret pc=0x000002155639edd4 method=org.gradle.internal.snapshot.PathUtil.equalChars(CCLorg/gradle/internal/snapshot/CaseSensitivity;)Z @ 11 c2
Event: 8.611 Thread 0x0000021565b834d0 DEOPT PACKING pc=0x000002155639edd4 sp=0x0000006b99ff69a0
Event: 8.611 Thread 0x0000021565b834d0 DEOPT UNPACKING pc=0x00000215559b69a3 sp=0x0000006b99ff6950 mode 2
Event: 8.620 Thread 0x0000021565b834d0 Uncommon trap: trap_request=0xffffff45 fr.pc=0x000002155622f6d4 relative=0x0000000000000154
Event: 8.620 Thread 0x0000021565b834d0 Uncommon trap: reason=unstable_if action=reinterpret pc=0x000002155622f6d4 method=org.gradle.internal.snapshot.VfsRelativePath.isPrefix(Ljava/lang/String;ILjava/lang/String;ILorg/gradle/internal/snapshot/CaseSensitivity;)Z @ 101 c2
Event: 8.620 Thread 0x0000021565b834d0 DEOPT PACKING pc=0x000002155622f6d4 sp=0x0000006b99ff7610
Event: 8.620 Thread 0x0000021565b834d0 DEOPT UNPACKING pc=0x00000215559b69a3 sp=0x0000006b99ff7598 mode 2
Event: 8.626 Thread 0x0000021565b834d0 DEOPT PACKING pc=0x000002154ea8ae89 sp=0x0000006b99ff7950
Event: 8.626 Thread 0x0000021565b834d0 DEOPT UNPACKING pc=0x00000215559b7143 sp=0x0000006b99ff6e48 mode 0
Event: 8.634 Thread 0x0000021565b834d0 DEOPT PACKING pc=0x000002154e5f3dbd sp=0x0000006b99ff72e0
Event: 8.634 Thread 0x0000021565b834d0 DEOPT UNPACKING pc=0x00000215559b7143 sp=0x0000006b99ff6768 mode 0

Classes unloaded (0 events):
No events

Classes redefined (0 events):
No events

Internal exceptions (20 events):
Event: 8.030 Thread 0x0000021565b834d0 Exception <a 'java/lang/NoSuchMethodError'{0x00000000838f66a0}: 'java.lang.Object java.lang.invoke.DirectMethodHandle$Holder.invokeSpecial(java.lang.Object, java.lang.Object, int, java.lang.Object, java.lang.Object)'> (0x00000000838f66a0) 
thrown [s\src\hotspot\share\interpreter\linkResolver.cpp, line 759]
Event: 8.032 Thread 0x0000021565b834d0 Exception <a 'sun/nio/fs/WindowsException'{0x00000000837109c0}> (0x00000000837109c0) 
thrown [s\src\hotspot\share\prims\jni.cpp, line 516]
Event: 8.032 Thread 0x0000021565b834d0 Exception <a 'sun/nio/fs/WindowsException'{0x0000000083710d98}> (0x0000000083710d98) 
thrown [s\src\hotspot\share\prims\jni.cpp, line 516]
Event: 8.032 Thread 0x0000021565b834d0 Exception <a 'java/lang/NoSuchMethodError'{0x0000000083723738}: 'java.lang.Object java.lang.invoke.DirectMethodHandle$Holder.newInvokeSpecial(java.lang.Object, java.lang.Object, int)'> (0x0000000083723738) 
thrown [s\src\hotspot\share\interpreter\linkResolver.cpp, line 759]
Event: 8.128 Thread 0x0000021565b834d0 Exception <a 'java/lang/NoSuchMethodError'{0x0000000084f74228}: 'void java.lang.invoke.DirectMethodHandle$Holder.invokeStatic(java.lang.Object, java.lang.Object, java.lang.Object, java.lang.Object, java.lang.Object, java.lang.Object, java.lang.Object)'> (0x0000000084f74228) 
thrown [s\src\hotspot\share\interpreter\linkResolver.cpp, line 759]
Event: 8.131 Thread 0x0000021565b834d0 Exception <a 'java/lang/NoSuchMethodError'{0x0000000084fa9428}: 'java.lang.Object java.lang.invoke.DirectMethodHandle$Holder.invokeVirtual(java.lang.Object, java.lang.Object, int)'> (0x0000000084fa9428) 
thrown [s\src\hotspot\share\interpreter\linkResolver.cpp, line 759]
Event: 8.256 Thread 0x0000021565b834d0 Exception <a 'java/lang/NoSuchMethodError'{0x000000008452eb78}: 'long java.lang.invoke.DirectMethodHandle$Holder.invokeStatic(java.lang.Object, long)'> (0x000000008452eb78) 
thrown [s\src\hotspot\share\interpreter\linkResolver.cpp, line 759]
Event: 8.269 Thread 0x0000021565b834d0 Implicit null exception at 0x00000215560e0877 to 0x00000215560e0c04
Event: 8.334 Thread 0x0000021565b834d0 Exception <a 'java/lang/NoSuchMethodError'{0x0000000083fb3020}: 'java.lang.Object java.lang.invoke.DelegatingMethodHandle$Holder.reinvoke_L(java.lang.Object, java.lang.Object, java.lang.Object, java.lang.Object, java.lang.Object, java.lang.Object, java.lang.Object, java.lang.Object, java.lang.Object, java.lang.Object, java.lang.Object, java.lang.Object, java.lang.Object, java.lang.Object, java.lang.Object, java.lang.Object, java.lang.Object, java.lang.Object, java.lang.Object, java.lang.Object, java.lang.O
Event: 8.335 Thread 0x0000021565b834d0 Exception <a 'java/lang/NoSuchMethodError'{0x0000000083fbeaa0}: 'java.lang.Object java.lang.invoke.DirectMethodHandle$Holder.invokeSpecial(java.lang.Object, java.lang.Object, java.lang.Object, java.lang.Object, java.lang.Object, java.lang.Object, java.lang.Object, java.lang.Object, java.lang.Object, java.lang.Object, java.lang.Object, java.lang.Object, java.lang.Object, java.lang.Object, java.lang.Object, java.lang.Object, java.lang.Object, java.lang.Object, java.lang.Object, java.lang.Object, java.lang.Ob
Event: 8.335 Thread 0x0000021565b834d0 Exception <a 'java/lang/NoSuchMethodError'{0x0000000083fc4990}: 'java.lang.Object java.lang.invoke.Invokers$Holder.invoker(java.lang.Object, java.lang.Object, java.lang.Object, java.lang.Object, java.lang.Object, java.lang.Object, java.lang.Object, java.lang.Object, java.lang.Object, java.lang.Object, java.lang.Object, java.lang.Object, java.lang.Object, java.lang.Object, java.lang.Object, java.lang.Object, java.lang.Object, java.lang.Object, java.lang.Object, java.lang.Object, java.lang.Object)'> (0x00000
Event: 8.335 Thread 0x0000021565b834d0 Exception <a 'java/lang/NoSuchMethodError'{0x0000000083fcb298}: 'java.lang.Object java.lang.invoke.DelegatingMethodHandle$Holder.delegate(java.lang.Object, java.lang.Object, java.lang.Object, java.lang.Object, java.lang.Object, java.lang.Object, java.lang.Object, java.lang.Object, java.lang.Object, java.lang.Object, java.lang.Object, java.lang.Object, java.lang.Object, java.lang.Object, java.lang.Object, java.lang.Object, java.lang.Object, java.lang.Object, java.lang.Object, java.lang.Object, java.lang.Obj
Event: 8.427 Thread 0x0000021565b834d0 Exception <a 'java/lang/NoSuchMethodError'{0x0000000083932608}: static Lorg/gradle/api/internal/catalog/DefaultVersionCatalog;.<clinit>()V> (0x0000000083932608) 
thrown [s\src\hotspot\share\prims\jni.cpp, line 1107]
Event: 8.431 Thread 0x0000021565b834d0 Exception <a 'java/lang/NoSuchMethodError'{0x00000000839883c8}: static [Ljava/lang/Object;.<clinit>()V> (0x00000000839883c8) 
thrown [s\src\hotspot\share\prims\jni.cpp, line 1107]
Event: 8.432 Thread 0x0000021565b834d0 Exception <a 'java/lang/NoSuchMethodError'{0x00000000839bdb10}: static Lorg/gradle/api/internal/catalog/DependencyModel;.<clinit>()V> (0x00000000839bdb10) 
thrown [s\src\hotspot\share\prims\jni.cpp, line 1107]
Event: 8.432 Thread 0x0000021565b834d0 Exception <a 'java/lang/NoSuchMethodError'{0x00000000839c1688}: static Lorg/gradle/api/internal/catalog/AbstractContextAwareModel;.<clinit>()V> (0x00000000839c1688) 
thrown [s\src\hotspot\share\prims\jni.cpp, line 1107]
Event: 8.433 Thread 0x0000021565b834d0 Exception <a 'java/lang/NoSuchMethodError'{0x00000000839dafd8}: static Lorg/gradle/api/internal/artifacts/dependencies/AbstractVersionConstraint;.<clinit>()V> (0x00000000839dafd8) 
thrown [s\src\hotspot\share\prims\jni.cpp, line 1107]
Event: 8.438 Thread 0x0000021565b834d0 Exception <a 'java/lang/NoSuchMethodError'{0x0000000083896db0}: static Lorg/gradle/api/internal/catalog/PluginModel;.<clinit>()V> (0x0000000083896db0) 
thrown [s\src\hotspot\share\prims\jni.cpp, line 1107]
Event: 8.439 Thread 0x0000021565b834d0 Exception <a 'java/lang/NoSuchMethodError'{0x00000000838adb48}: static Lorg/gradle/api/internal/catalog/VersionModel;.<clinit>()V> (0x00000000838adb48) 
thrown [s\src\hotspot\share\prims\jni.cpp, line 1107]
Event: 8.440 Thread 0x0000021565b834d0 Exception <a 'java/lang/NoSuchMethodError'{0x00000000838d3718}: 'void java.lang.invoke.DirectMethodHandle$Holder.invokeSpecial(java.lang.Object, java.lang.Object, java.lang.Object, int)'> (0x00000000838d3718) 
thrown [s\src\hotspot\share\interpreter\linkResolver.cpp, line 759]

VM Operations (20 events):
Event: 8.015 Executing VM operation: HandshakeAllThreads
Event: 8.015 Executing VM operation: HandshakeAllThreads done
Event: 8.068 Executing VM operation: G1CollectForAllocation
Event: 8.070 Executing VM operation: G1CollectForAllocation done
Event: 8.307 Executing VM operation: ICBufferFull
Event: 8.307 Executing VM operation: ICBufferFull done
Event: 8.429 Executing VM operation: HandshakeAllThreads
Event: 8.429 Executing VM operation: HandshakeAllThreads done
Event: 8.448 Executing VM operation: HandshakeAllThreads
Event: 8.448 Executing VM operation: HandshakeAllThreads done
Event: 8.514 Executing VM operation: G1CollectForAllocation
Event: 8.516 Executing VM operation: G1CollectForAllocation done
Event: 8.651 Executing VM operation: HandshakeAllThreads
Event: 8.651 Executing VM operation: HandshakeAllThreads done
Event: 8.970 Executing VM operation: G1TryInitiateConcMark
Event: 8.972 Executing VM operation: G1TryInitiateConcMark done
Event: 8.983 Executing VM operation: G1PauseRemark
Event: 8.985 Executing VM operation: G1PauseRemark done
Event: 8.990 Executing VM operation: G1PauseCleanup
Event: 8.991 Executing VM operation: G1PauseCleanup done

Events (20 events):
Event: 8.446 loading class sun/reflect/ReflectionFactory$1 done
Event: 8.586 Thread 0x000002156f57ff30 Thread added: 0x000002156f57ff30
Event: 8.586 Thread 0x000002156f580950 Thread added: 0x000002156f580950
Event: 8.586 Thread 0x000002156f585f60 Thread added: 0x000002156f585f60
Event: 8.586 Thread 0x000002156f5836e0 Thread added: 0x000002156f5836e0
Event: 8.586 Thread 0x000002156f57fa20 Thread added: 0x000002156f57fa20
Event: 8.586 Thread 0x000002156f5822a0 Thread added: 0x000002156f5822a0
Event: 8.586 Thread 0x000002156f57eaf0 Thread added: 0x000002156f57eaf0
Event: 8.586 Thread 0x000002156f580440 Thread added: 0x000002156f580440
Event: 8.586 Thread 0x000002156f583bf0 Thread added: 0x000002156f583bf0
Event: 8.586 Thread 0x000002156f580e60 Thread added: 0x000002156f580e60
Event: 8.586 Thread 0x000002156f5827b0 Thread added: 0x000002156f5827b0
Event: 8.586 Thread 0x000002156f582cc0 Thread added: 0x000002156f582cc0
Event: 8.586 Thread 0x000002156c59b590 Thread added: 0x000002156c59b590
Event: 8.587 Thread 0x000002156c5969a0 Thread added: 0x000002156c5969a0
Event: 8.587 Thread 0x000002156c59baa0 Thread added: 0x000002156c59baa0
Event: 8.620 Thread 0x000002156c595f80 Thread added: 0x000002156c595f80
Event: 8.620 Thread 0x000002156c596490 Thread added: 0x000002156c596490
Event: 8.651 loading class java/net/SocketTimeoutException
Event: 8.651 loading class java/net/SocketTimeoutException done


Dynamic libraries:
0x00007ff798ee0000 - 0x00007ff798eee000 	C:\Users\Sayan Ghosh\AppData\Local\Programs\Eclipse Adoptium\jdk-17.0.8.7-hotspot\bin\java.exe
0x00007ffb49f50000 - 0x00007ffb4a148000 	C:\Windows\SYSTEM32\ntdll.dll
0x00007ffb480d0000 - 0x00007ffb4818f000 	C:\Windows\System32\KERNEL32.DLL
0x00007ffb47b30000 - 0x00007ffb47e02000 	C:\Windows\System32\KERNELBASE.dll
0x00007ffb47680000 - 0x00007ffb47780000 	C:\Windows\System32\ucrtbase.dll
0x00007ffb420f0000 - 0x00007ffb42109000 	C:\Users\Sayan Ghosh\AppData\Local\Programs\Eclipse Adoptium\jdk-17.0.8.7-hotspot\bin\VCRUNTIME140.dll
0x00007ffb42110000 - 0x00007ffb42127000 	C:\Users\Sayan Ghosh\AppData\Local\Programs\Eclipse Adoptium\jdk-17.0.8.7-hotspot\bin\jli.dll
0x00007ffb48f80000 - 0x00007ffb49121000 	C:\Windows\System32\USER32.dll
0x00007ffb2e7b0000 - 0x00007ffb2ea4a000 	C:\Windows\WinSxS\amd64_microsoft.windows.common-controls_6595b64144ccf1df_6.0.19041.1110_none_60b5254171f9507e\COMCTL32.dll
0x00007ffb47780000 - 0x00007ffb477a2000 	C:\Windows\System32\win32u.dll
0x00007ffb48090000 - 0x00007ffb480bb000 	C:\Windows\System32\GDI32.dll
0x00007ffb48790000 - 0x00007ffb4882e000 	C:\Windows\System32\msvcrt.dll
0x00007ffb479b0000 - 0x00007ffb47abf000 	C:\Windows\System32\gdi32full.dll
0x00007ffb477b0000 - 0x00007ffb4784d000 	C:\Windows\System32\msvcp_win.dll
0x00007ffb49ee0000 - 0x00007ffb49f10000 	C:\Windows\System32\IMM32.DLL
0x00007ffb42560000 - 0x00007ffb4256c000 	C:\Users\Sayan Ghosh\AppData\Local\Programs\Eclipse Adoptium\jdk-17.0.8.7-hotspot\bin\vcruntime140_1.dll
0x00007ffb42050000 - 0x00007ffb420e1000 	C:\Users\Sayan Ghosh\AppData\Local\Programs\Eclipse Adoptium\jdk-17.0.8.7-hotspot\bin\msvcp140.dll
0x00007ffac6ea0000 - 0x00007ffac7aec000 	C:\Users\Sayan Ghosh\AppData\Local\Programs\Eclipse Adoptium\jdk-17.0.8.7-hotspot\bin\server\jvm.dll
0x00007ffb48c60000 - 0x00007ffb48d0e000 	C:\Windows\System32\ADVAPI32.dll
0x00007ffb49490000 - 0x00007ffb4952c000 	C:\Windows\System32\sechost.dll
0x00007ffb49c80000 - 0x00007ffb49da4000 	C:\Windows\System32\RPCRT4.dll
0x00007ffb46b90000 - 0x00007ffb46bdb000 	C:\Windows\SYSTEM32\POWRPROF.dll
0x00007ffb42040000 - 0x00007ffb42049000 	C:\Windows\SYSTEM32\WSOCK32.dll
0x00007ffb3d9d0000 - 0x00007ffb3d9da000 	C:\Windows\SYSTEM32\VERSION.dll
0x00007ffb48e00000 - 0x00007ffb48e6b000 	C:\Windows\System32\WS2_32.dll
0x00007ffb3ab70000 - 0x00007ffb3ab97000 	C:\Windows\SYSTEM32\WINMM.dll
0x00007ffb46a50000 - 0x00007ffb46a62000 	C:\Windows\SYSTEM32\UMPDC.dll
0x00007ffb454f0000 - 0x00007ffb45502000 	C:\Windows\SYSTEM32\kernel.appcore.dll
0x00007ffb42030000 - 0x00007ffb4203a000 	C:\Users\Sayan Ghosh\AppData\Local\Programs\Eclipse Adoptium\jdk-17.0.8.7-hotspot\bin\jimage.dll
0x00007ffb38050000 - 0x00007ffb38234000 	C:\Windows\SYSTEM32\DBGHELP.DLL
0x00007ffb2f5e0000 - 0x00007ffb2f615000 	C:\Windows\SYSTEM32\dbgcore.DLL
0x00007ffb47e60000 - 0x00007ffb47ee2000 	C:\Windows\System32\bcryptPrimitives.dll
0x00007ffb1b700000 - 0x00007ffb1b70e000 	C:\Users\Sayan Ghosh\AppData\Local\Programs\Eclipse Adoptium\jdk-17.0.8.7-hotspot\bin\instrument.dll
0x00007ffb42000000 - 0x00007ffb42025000 	C:\Users\Sayan Ghosh\AppData\Local\Programs\Eclipse Adoptium\jdk-17.0.8.7-hotspot\bin\java.dll
0x00007ffac6ca0000 - 0x00007ffac6d76000 	C:\Users\Sayan Ghosh\AppData\Local\Programs\Eclipse Adoptium\jdk-17.0.8.7-hotspot\bin\jsvml.dll
0x00007ffb49530000 - 0x00007ffb49c75000 	C:\Windows\System32\SHELL32.dll
0x00007ffb456f0000 - 0x00007ffb45e82000 	C:\Windows\SYSTEM32\windows.storage.dll
0x00007ffb49130000 - 0x00007ffb49485000 	C:\Windows\System32\combase.dll
0x00007ffb46fd0000 - 0x00007ffb47000000 	C:\Windows\SYSTEM32\Wldp.dll
0x00007ffb486e0000 - 0x00007ffb4878d000 	C:\Windows\System32\SHCORE.dll
0x00007ffb48da0000 - 0x00007ffb48df5000 	C:\Windows\System32\shlwapi.dll
0x00007ffb47590000 - 0x00007ffb475af000 	C:\Windows\SYSTEM32\profapi.dll
0x00007ffb41fa0000 - 0x00007ffb41fb8000 	C:\Users\Sayan Ghosh\AppData\Local\Programs\Eclipse Adoptium\jdk-17.0.8.7-hotspot\bin\zip.dll
0x00007ffb41fe0000 - 0x00007ffb41ff9000 	C:\Users\Sayan Ghosh\AppData\Local\Programs\Eclipse Adoptium\jdk-17.0.8.7-hotspot\bin\net.dll
0x00007ffb41630000 - 0x00007ffb4173a000 	C:\Windows\SYSTEM32\WINHTTP.dll
0x00007ffb46db0000 - 0x00007ffb46e1a000 	C:\Windows\system32\mswsock.dll
0x00007ffb41fc0000 - 0x00007ffb41fd5000 	C:\Users\Sayan Ghosh\AppData\Local\Programs\Eclipse Adoptium\jdk-17.0.8.7-hotspot\bin\nio.dll
0x00007ffb1b6f0000 - 0x00007ffb1b700000 	C:\Users\Sayan Ghosh\AppData\Local\Programs\Eclipse Adoptium\jdk-17.0.8.7-hotspot\bin\verify.dll
0x00007ffb1b830000 - 0x00007ffb1b857000 	C:\Users\Sayan Ghosh\.gradle\native\68d5fa5c4cc2d200863cafc0d521ce42e7d3e7ee720ec0a83991735586a16f82\windows-amd64\native-platform.dll
0x00007ffac5cc0000 - 0x00007ffac5e04000 	C:\Users\Sayan Ghosh\.gradle\native\e376f236ea51e6404a007f0833ffe2c6e607c4080706a723a18a27aeea778392\windows-amd64\native-platform-file-events.dll
0x00007ffb1b6e0000 - 0x00007ffb1b6e9000 	C:\Users\Sayan Ghosh\AppData\Local\Programs\Eclipse Adoptium\jdk-17.0.8.7-hotspot\bin\management.dll
0x00007ffb1b650000 - 0x00007ffb1b65b000 	C:\Users\Sayan Ghosh\AppData\Local\Programs\Eclipse Adoptium\jdk-17.0.8.7-hotspot\bin\management_ext.dll
0x00007ffb48000000 - 0x00007ffb48008000 	C:\Windows\System32\PSAPI.DLL
0x00007ffb47010000 - 0x00007ffb47028000 	C:\Windows\SYSTEM32\CRYPTSP.dll
0x00007ffb46680000 - 0x00007ffb466b4000 	C:\Windows\system32\rsaenh.dll
0x00007ffb47650000 - 0x00007ffb47677000 	C:\Windows\System32\bcrypt.dll
0x00007ffb47550000 - 0x00007ffb4757e000 	C:\Windows\SYSTEM32\USERENV.dll
0x00007ffb46f40000 - 0x00007ffb46f4c000 	C:\Windows\SYSTEM32\CRYPTBASE.dll
0x00007ffb46a70000 - 0x00007ffb46aab000 	C:\Windows\SYSTEM32\IPHLPAPI.DLL
0x00007ffb480c0000 - 0x00007ffb480c8000 	C:\Windows\System32\NSI.dll
0x00007ffb419a0000 - 0x00007ffb419b7000 	C:\Windows\SYSTEM32\dhcpcsvc6.DLL
0x00007ffb41940000 - 0x00007ffb4195d000 	C:\Windows\SYSTEM32\dhcpcsvc.DLL
0x00007ffb46ab0000 - 0x00007ffb46b7b000 	C:\Windows\SYSTEM32\DNSAPI.dll
0x00007ffb1b630000 - 0x00007ffb1b63e000 	C:\Users\Sayan Ghosh\AppData\Local\Programs\Eclipse Adoptium\jdk-17.0.8.7-hotspot\bin\sunmscapi.dll
0x00007ffb47850000 - 0x00007ffb479a6000 	C:\Windows\System32\CRYPT32.dll
0x00007ffb47120000 - 0x00007ffb47147000 	C:\Windows\SYSTEM32\ncrypt.dll
0x00007ffb470e0000 - 0x00007ffb4711b000 	C:\Windows\SYSTEM32\NTASN1.dll
0x00007ffb1b620000 - 0x00007ffb1b627000 	C:\Windows\system32\wshunix.dll

dbghelp: loaded successfully - version: 4.0.5 - missing functions: none
symbol engine: initialized successfully - sym options: 0x614 - pdb path: .;C:\Users\Sayan Ghosh\AppData\Local\Programs\Eclipse Adoptium\jdk-17.0.8.7-hotspot\bin;C:\Windows\SYSTEM32;C:\Windows\WinSxS\amd64_microsoft.windows.common-controls_6595b64144ccf1df_6.0.19041.1110_none_60b5254171f9507e;C:\Users\Sayan Ghosh\AppData\Local\Programs\Eclipse Adoptium\jdk-17.0.8.7-hotspot\bin\server;C:\Users\Sayan Ghosh\.gradle\native\68d5fa5c4cc2d200863cafc0d521ce42e7d3e7ee720ec0a83991735586a16f82\windows-amd64;C:\Users\Sayan Ghosh\.gradle\native\e376f236ea51e6404a007f0833ffe2c6e607c4080706a723a18a27aeea778392\windows-amd64

VM Arguments:
jvm_args: -XX:MaxMetaspaceSize=512m --add-opens=java.base/java.util=ALL-UNNAMED --add-opens=java.base/java.lang=ALL-UNNAMED --add-opens=java.base/java.lang.invoke=ALL-UNNAMED --add-opens=java.prefs/java.util.prefs=ALL-UNNAMED --add-opens=java.base/java.nio.charset=ALL-UNNAMED --add-opens=java.base/java.net=ALL-UNNAMED --add-opens=java.base/java.util.concurrent.atomic=ALL-UNNAMED -Xmx2048m -Dfile.encoding=windows-1252 -Duser.country=US -Duser.language=en -Duser.variant -javaagent:C:\Users\Sayan Ghosh\.gradle\wrapper\dists\gradle-8.3-all\6en3ugtfdg5xnpx44z4qbwgas\gradle-8.3\lib\agents\gradle-instrumentation-agent-8.3.jar 
java_command: org.gradle.launcher.daemon.bootstrap.GradleDaemon 8.3
java_class_path (initial): C:\Users\Sayan Ghosh\.gradle\wrapper\dists\gradle-8.3-all\6en3ugtfdg5xnpx44z4qbwgas\gradle-8.3\lib\gradle-launcher-8.3.jar
Launcher Type: SUN_STANDARD

[Global flags]
     intx CICompilerCount                          = 12                                        {product} {ergonomic}
   size_t CompressedClassSpaceSize                 = 436207616                                 {product} {ergonomic}
     uint ConcGCThreads                            = 3                                         {product} {ergonomic}
     uint G1ConcRefinementThreads                  = 13                                        {product} {ergonomic}
   size_t G1HeapRegionSize                         = 1048576                                   {product} {ergonomic}
    uintx GCDrainStackTargetSize                   = 64                                        {product} {ergonomic}
   size_t InitialHeapSize                          = 266338304                                 {product} {ergonomic}
   size_t MarkStackSize                            = 4194304                                   {product} {ergonomic}
   size_t MaxHeapSize                              = 2147483648                                {product} {command line}
   size_t MaxMetaspaceSize                         = 536870912                                 {product} {command line}
   size_t MaxNewSize                               = 1287651328                                {product} {ergonomic}
   size_t MinHeapDeltaBytes                        = 1048576                                   {product} {ergonomic}
   size_t MinHeapSize                              = 8388608                                   {product} {ergonomic}
    uintx NonNMethodCodeHeapSize                   = 7602480                                {pd product} {ergonomic}
    uintx NonProfiledCodeHeapSize                  = 122027880                              {pd product} {ergonomic}
    uintx ProfiledCodeHeapSize                     = 122027880                              {pd product} {ergonomic}
    uintx ReservedCodeCacheSize                    = 251658240                              {pd product} {ergonomic}
     bool SegmentedCodeCache                       = true                                      {product} {ergonomic}
   size_t SoftMaxHeapSize                          = 2147483648                             {manageable} {ergonomic}
     bool UseCompressedClassPointers               = true                           {product lp64_product} {ergonomic}
     bool UseCompressedOops                        = true                           {product lp64_product} {ergonomic}
     bool UseG1GC                                  = true                                      {product} {ergonomic}
     bool UseLargePagesIndividualAllocation        = false                                  {pd product} {ergonomic}

Logging:
Log output configuration:
 #0: stdout all=warning uptime,level,tags
 #1: stderr all=off uptime,level,tags

Environment Variables:
JAVA_HOME=C:\Users\Sayan Ghosh\AppData\Local\Programs\Eclipse Adoptium\jdk-17.0.8.7-hotspot\
CLASSPATH=F:\Programs\React Native APP\TicTacToe\android\\gradle\wrapper\gradle-wrapper.jar
PATH=F:\Programs\React Native APP\TicTacToe\node_modules\.bin;F:\Programs\React Native APP\TicTacToe\node_modules\.bin;F:\Programs\React Native APP\node_modules\.bin;F:\Programs\node_modules\.bin;F:\node_modules\.bin;C:\Users\Sayan Ghosh\AppData\Roaming\npm\node_modules\npm\node_modules\@npmcli\run-script\lib\node-gyp-bin;F:\Programs\React Native APP\TicTacToe\node_modules\.bin;F:\Programs\React Native APP\node_modules\.bin;F:\Programs\node_modules\.bin;F:\node_modules\.bin;C:\Users\Sayan Ghosh\AppData\Roaming\npm\node_modules\npm\node_modules\@npmcli\run-script\lib\node-gyp-bin;C:\Python311\Scripts\;C:\Python311\;C:\Windows\system32;C:\Windows;C:\Windows\System32\Wbem;C:\Windows\System32\WindowsPowerShell\v1.0\;C:\Windows\System32\OpenSSH\;C:\Program Files (x86)\NVIDIA Corporation\PhysX\Common;C:\Program Files\NVIDIA Corporation\NVIDIA NvDLISR;C:\MinGW\bin;C:\Program Files\Git\cmd;C:\Program Files\nodejs\;C:\ProgramData\chocolatey\bin;C:\Users\Sayan Ghosh\AppData\Local\Android\Sdk;C:\Users\Sayan Ghosh\AppData\Local\Android\Sdk\platform-tools;C:\Users\Sayan Ghosh\AppData\Local\Android\Sdk\emulator;C:\Users\Sayan Ghosh\AppData\Local\Android\Sdk\tools;C:\Users\Sayan Ghosh\AppData\Local\Android\Sdk\tools\bin;C:\Users\Sayan Ghosh\AppData\Local\Programs\Eclipse Adoptium\jdk-17.0.8.7-hotspot\bin;C:\Users\Sayan Ghosh\AppData\Local\Microsoft\WindowsApps;C:\Microsoft VS Code\bin;C:\Users\Sayan Ghosh\AppData\Local\GitHubDesktop\bin;C:\Users\Sayan Ghosh\AppData\Roaming\npm;C:\flutter\bin;C:\tools\dart-sdk\bin;C:\Users\Sayan Ghosh\AppData\Local\Pub\Cache\bin;C:\flutter\bin;C:\Users\Sayan Ghosh\AppData\Local\Android\Sdk;C:\Users\Sayan Ghosh\AppData\Local\Android\Sdk\platform-tools;C:\Users\Sayan Ghosh\AppData\Local\Android\Sdk\emulator;C:\Users\Sayan Ghosh\AppData\Local\Android\Sdk\tools;C:\Users\Sayan Ghosh\AppData\Local\Android\Sdk\tools\bin;
USERNAME=Sayan Ghosh
LANG=en_US.UTF-8
OS=Windows_NT
PROCESSOR_IDENTIFIER=Intel64 Family 6 Model 191 Stepping 2, GenuineIntel
TMP=C:\Users\SAYANG~1\AppData\Local\Temp
TEMP=C:\Users\SAYANG~1\AppData\Local\Temp



---------------  S Y S T E M  ---------------

OS:
 Windows 10 , 64 bit Build 19041 (10.0.19041.2546)
OS uptime: 0 days 2:16 hours
Hyper-V role detected

CPU: total 16 (initial active 16) (8 cores per cpu, 2 threads per core) family 6 model 191 stepping 2 microcode 0x26, cx8, cmov, fxsr, ht, mmx, 3dnowpref, sse, sse2, sse3, ssse3, sse4.1, sse4.2, popcnt, lzcnt, tsc, tscinvbit, avx, avx2, aes, erms, clmul, bmi1, bmi2, adx, sha, fma, vzeroupper, clflush, clflushopt, clwb, hv
Processor Information for all 16 processors :
  Max Mhz: 2500, Current Mhz: 2500, Mhz Limit: 2500

Memory: 4k page, system-wide physical 16222M (2828M free)
TotalPageFile size 16222M (AvailPageFile size 5M)
current process WorkingSet (physical memory assigned to process): 270M, peak: 278M
current process commit charge ("private bytes"): 323M, peak: 455M

vm_info: OpenJDK 64-Bit Server VM (17.0.8+7) for windows-amd64 JRE (17.0.8+7), built on Jul 18 2023 21:02:32 by "admin" with MS VC++ 16.7 (VS2019)

END.
